<?xml version="1.0" encoding="UTF-8"?>
<!-- Generated by org.testng.reporters.JUnitReportReporter -->
<testsuite hostname="DESKTOP-2B3OB08" name="com.googletest.qa.test.GoogleSearchTest" tests="1" failures="0" timestamp="13 Mar 2019 04:00:59 GMT" time="23.616" errors="0">
  <testcase name="googleSearchTest2" time="23.616" classname="com.googletest.qa.test.GoogleSearchTest"/>
</testsuite> <!-- com.googletest.qa.test.GoogleSearchTest -->
