<?xml version="1.0" encoding="UTF-8"?>
<!-- Generated by org.testng.reporters.JUnitReportReporter -->
<testsuite hostname="DESKTOP-2B3OB08" name="com.googletest.qa.test.GoogleSearchTest" tests="2" failures="0" timestamp="13 Mar 2019 12:12:15 GMT" time="82.953" errors="0">
  <testcase name="googleSearchTest2" time="13.603" classname="com.googletest.qa.test.GoogleSearchTest"/>
  <testcase name="googleSearchTest1" time="69.350" classname="com.googletest.qa.test.GoogleSearchTest"/>
</testsuite> <!-- com.googletest.qa.test.GoogleSearchTest -->
