<?xml version="1.0" encoding="UTF-8"?>
<!-- Generated by org.testng.reporters.JUnitReportReporter -->
<testsuite skipped="0" hostname="DESKTOP-2B3OB08" name="com.googletest.qa.test.GoogleSearchTest" tests="1" failures="0" timestamp="2019-03-13T05:19:24 GMT" time="20.702" errors="0">
  <testcase name="googleSearchTest2" time="20.702" classname="com.googletest.qa.test.GoogleSearchTest"/>
</testsuite> <!-- com.googletest.qa.test.GoogleSearchTest -->
